Environment variables:
  - ANDROID_HOME=/Users/jenkins/Library/Android/sdk
  - Apple_PubSub_Socket_Render=/private/tmp/com.apple.launchd.QO4YSfTDPv/Render
  - BUILD_DISPLAY_NAME=#52
  - BUILD_ID=52
  - BUILD_NUMBER=52
  - BUILD_TAG=jenkins-testandroid-52
  - BUILD_URL=http://localhost:8080/job/testandroid/52/
  - EXECUTOR_NUMBER=1
  - GIT_BRANCH=origin/master
  - GIT_COMMIT=a4a814324d941f938076e6761a74e535663c3761
  - GIT_PREVIOUS_COMMIT=a4a814324d941f938076e6761a74e535663c3761
  - GIT_PREVIOUS_SUCCESSFUL_COMMIT=a4a814324d941f938076e6761a74e535663c3761
  - GIT_URL=https://github.com/umeshgsat/androidtest.git
  - HOME=/Users/jenkins
  - HUDSON_COOKIE=dad6dca9-40fe-47ff-8628-cf6789de2e30
  - HUDSON_HOME=/Users/jenkins/.jenkins
  - HUDSON_SERVER_COOKIE=df8016df1850d996
  - HUDSON_URL=http://localhost:8080/
  - JAVA_ARCH=x86_64
  - JAVA_HOME=/Library/Java/JavaVirtualMachines/jdk1.8.0_201.jdk/Contents/Home/
  - JAVA_MAIN_CLASS_3413=org.sonarsource.scanner.cli.Main
  - JAVA_MAIN_CLASS_701=Main
  - JENKINS_HOME=/Users/jenkins/.jenkins
  - JENKINS_SERVER_COOKIE=df8016df1850d996
  - JENKINS_URL=http://localhost:8080/
  - JOB_BASE_NAME=testandroid
  - JOB_DISPLAY_URL=http://localhost:8080/job/testandroid/display/redirect
  - JOB_NAME=testandroid
  - JOB_URL=http://localhost:8080/job/testandroid/
  - LC_CTYPE=UTF-8
  - LOGNAME=jenkins
  - NODE_LABELS=master
  - NODE_NAME=master
  - PATH=/Library/Java/JavaVirtualMachines/jdk1.8.0_201.jdk/Contents/Home//bin:/Library/Java/JavaVirtualMachines/jdk1.8.0_201.jdk/Contents/Home//bin:/usr/local/bin:/usr/bin:/bin:/usr/sbin:/sbin
  - PWD=/Users/jenkins/.jenkins/workspace/testandroid
  - RUN_CHANGES_DISPLAY_URL=http://localhost:8080/job/testandroid/52/display/redirect?page=changes
  - RUN_DISPLAY_URL=http://localhost:8080/job/testandroid/52/display/redirect
  - SECURITYSESSIONID=186a9
  - SHELL=/bin/bash
  - SHLVL=1
  - SSH_AUTH_SOCK=/private/tmp/com.apple.launchd.cRMcIch5y8/Listeners
  - TERM=xterm-256color
  - TERM_PROGRAM=Apple_Terminal
  - TERM_PROGRAM_VERSION=421.1
  - TERM_SESSION_ID=CF746FC4-A7D5-402D-8EB7-AA31D4118E42
  - TMPDIR=/var/folders/rc/2x8w1gwd1476p4nkhhhl7pg40000gn/T/
  - USER=jenkins
  - WORKSPACE=/Users/jenkins/.jenkins/workspace/testandroid
  - XPC_FLAGS=0x0
  - XPC_SERVICE_NAME=0
  - __CF_USER_TEXT_ENCODING=0x1F5:0:2
  - com.apple.java.jvmTask=CommandLine
System properties:
  - awt.toolkit=sun.lwawt.macosx.LWCToolkit
  - file.encoding=UTF-8
  - file.encoding.pkg=sun.io
  - file.separator=/
  - ftp.nonProxyHosts=local|*.local|169.254/16|*.169.254/16
  - gopherProxySet=false
  - http.nonProxyHosts=local|*.local|169.254/16|*.169.254/16
  - java.awt.graphicsenv=sun.awt.CGraphicsEnvironment
  - java.awt.headless=true
  - java.awt.printerjob=sun.lwawt.macosx.CPrinterJob
  - java.class.path=/Users/jenkins/.jenkins/tools/hudson.plugins.sonar.SonarRunnerInstallation/sonarcube/lib/sonar-scanner-cli-3.3.0.1492.jar
  - java.class.version=52.0
  - java.endorsed.dirs=/Library/Java/JavaVirtualMachines/jdk1.8.0_201.jdk/Contents/Home/jre/lib/endorsed
  - java.ext.dirs=/Users/jenkins/Library/Java/Extensions:/Library/Java/JavaVirtualMachines/jdk1.8.0_201.jdk/Contents/Home/jre/lib/ext:/Library/Java/Extensions:/Network/Library/Java/Extensions:/System/Library/Java/Extensions:/usr/lib/java
  - java.home=/Library/Java/JavaVirtualMachines/jdk1.8.0_201.jdk/Contents/Home/jre
  - java.io.tmpdir=/var/folders/rc/2x8w1gwd1476p4nkhhhl7pg40000gn/T/
  - java.library.path=/Users/jenkins/Library/Java/Extensions:/Library/Java/Extensions:/Network/Library/Java/Extensions:/System/Library/Java/Extensions:/usr/lib/java:.
  - java.runtime.name=Java(TM) SE Runtime Environment
  - java.runtime.version=1.8.0_201-b09
  - java.specification.name=Java Platform API Specification
  - java.specification.vendor=Oracle Corporation
  - java.specification.version=1.8
  - java.vendor=Oracle Corporation
  - java.vendor.url=http://java.oracle.com/
  - java.vendor.url.bug=http://bugreport.sun.com/bugreport/
  - java.version=1.8.0_201
  - java.vm.info=mixed mode
  - java.vm.name=Java HotSpot(TM) 64-Bit Server VM
  - java.vm.specification.name=Java Virtual Machine Specification
  - java.vm.specification.vendor=Oracle Corporation
  - java.vm.specification.version=1.8
  - java.vm.vendor=Oracle Corporation
  - java.vm.version=25.201-b09
  - line.separator=

  - os.arch=x86_64
  - os.name=Mac OS X
  - os.version=10.14.3
  - path.separator=:
  - project.home=/Users/jenkins/.jenkins/workspace/testandroid
  - scanner.home=/Users/jenkins/.jenkins/tools/hudson.plugins.sonar.SonarRunnerInstallation/sonarcube
  - socksNonProxyHosts=local|*.local|169.254/16|*.169.254/16
  - sun.arch.data.model=64
  - sun.boot.class.path=/Library/Java/JavaVirtualMachines/jdk1.8.0_201.jdk/Contents/Home/jre/lib/resources.jar:/Library/Java/JavaVirtualMachines/jdk1.8.0_201.jdk/Contents/Home/jre/lib/rt.jar:/Library/Java/JavaVirtualMachines/jdk1.8.0_201.jdk/Contents/Home/jre/lib/sunrsasign.jar:/Library/Java/JavaVirtualMachines/jdk1.8.0_201.jdk/Contents/Home/jre/lib/jsse.jar:/Library/Java/JavaVirtualMachines/jdk1.8.0_201.jdk/Contents/Home/jre/lib/jce.jar:/Library/Java/JavaVirtualMachines/jdk1.8.0_201.jdk/Contents/Home/jre/lib/charsets.jar:/Library/Java/JavaVirtualMachines/jdk1.8.0_201.jdk/Contents/Home/jre/lib/jfr.jar:/Library/Java/JavaVirtualMachines/jdk1.8.0_201.jdk/Contents/Home/jre/classes
  - sun.boot.library.path=/Library/Java/JavaVirtualMachines/jdk1.8.0_201.jdk/Contents/Home/jre/lib
  - sun.cpu.endian=little
  - sun.cpu.isalist=
  - sun.io.unicode.encoding=UnicodeBig
  - sun.java.command=org.sonarsource.scanner.cli.Main -X -Dsonar.host.url=http://localhost:9000 -Dsonar.login=a820ca21cfdd68d70078a3ef821d384324b8098f -Dsonar.projectName=testandroid -Dsonar.projectKey=testandroid -Dsonar.java.binaries=/Users/jenkins/.jenkins/workspace/testandroid/*.* -Dsonar.sources=/Users/jenkins/.jenkins/workspace/testandroid/app/src -Dsonar.projectBaseDir=/Users/jenkins/.jenkins/workspace/testandroid
  - sun.java.launcher=SUN_STANDARD
  - sun.jnu.encoding=UTF-8
  - sun.management.compiler=HotSpot 64-Bit Tiered Compilers
  - sun.os.patch.level=unknown
  - user.country=GB
  - user.country.format=IN
  - user.dir=/Users/jenkins/.jenkins/workspace/testandroid
  - user.home=/Users/jenkins
  - user.language=en
  - user.name=jenkins
  - user.timezone=Asia/Kolkata
SonarQube plugins:
  - SonarC# 6.5.0.3766 (csharp)
  - SonarPython 1.8.0.1496 (python)
  - SonarJava 4.15.0.12310 (java)
  - Flex 2.3 (flex)
  - SonarQube :: Plugins :: SCM :: Git 1.3.0.869 (scmgit)
  - SonarXML 1.4.3.1027 (xml)
  - SonarPHP 2.11.0.2485 (php)
  - SonarTS 1.1.0.1079 (typescript)
  - SonarQube :: Plugins :: SCM :: SVN 1.6.0.860 (scmsvn)
  - SonarJS 3.2.0.5506 (javascript)
Global properties:
  - sonar.core.id=BF41A1F2-AWpot1yEU_EwhiYPjBJf
  - sonar.core.startTime=2019-05-27T12:57:16+0530
Settings for module: testandroid
  - sonar.host.url=http://localhost:9000
  - sonar.java.binaries=/Users/jenkins/.jenkins/workspace/testandroid/*.*
  - sonar.login=******
  - sonar.projectBaseDir=/Users/jenkins/.jenkins/workspace/testandroid
  - sonar.projectKey=testandroid
  - sonar.projectName=testandroid
  - sonar.scanner.app=ScannerCli
  - sonar.scanner.appVersion=3.3.0.1492
  - sonar.sourceEncoding=UTF-8
  - sonar.sources=/Users/jenkins/.jenkins/workspace/testandroid/app/src
  - sonar.verbose=true
  - sonar.working.directory=/Users/jenkins/.jenkins/workspace/testandroid/.scannerwork
